<?xml version="1.0" encoding="UTF-8"?>
<!-- Generated by org.testng.reporters.JUnitXMLReporter -->
<testsuite ignored="1" hostname="DESKTOP-P89RIBH" failures="1" tests="1" name="Test" time="0.107" errors="0" timestamp="2023-07-21T01:16:29 IST">
  <testcase classname="Testngpak.Demo99GuruGroup" name="login" time="0.025">
    <failure type="java.lang.NullPointerException" message="Cannot invoke &amp;quot;org.openqa.selenium.chrome.ChromeDriver.findElement(org.openqa.selenium.By)&amp;quot; because &amp;quot;this.driver&amp;quot; is null">
      <![CDATA[java.lang.NullPointerException: Cannot invoke "org.openqa.selenium.chrome.ChromeDriver.findElement(org.openqa.selenium.By)" because "this.driver" is null
at Testngpak.Demo99GuruGroup.login(Demo99GuruGroup.java:21)
at java.base/java.util.ArrayList.forEach(ArrayList.java:1511)
... Removed 27 stack frames]]>
    </failure>
  </testcase> <!-- login -->
  <testcase classname="Testngpak.Demo99GuruGroup" name="geturl" time="0.0">
    <ignored/>
  </testcase> <!-- geturl -->
</testsuite> <!-- Test -->
